[12:22:23] [main/INFO]: Loading Minecraft 1.21.7 with Fabric Loader 0.16.14
[12:22:23] [main/INFO]: Loading 12 mods:
	- distanthorizons 2.3.3-b
	   |-- fabric-api-base 0.4.64+9ec45cd86c
	   |-- fabric-command-api-v2 2.2.53+946bf4c36c
	   |-- fabric-entity-events-v1 2.1.1+c9e472736c
	   |-- fabric-events-interaction-v0 4.0.23+946bf4c36c
	   |-- fabric-key-binding-api-v1 1.0.65+946bf4c36c
	   |-- fabric-lifecycle-events-v1 2.6.3+db4dfd856c
	   |-- fabric-networking-api-v1 5.0.1+946bf4c36c
	   |-- fabric-rendering-v1 12.4.0+e8d43c766c
	   |-- fabric-resource-loader-v0 3.1.11+946bf4c36c
	   \-- fabric-screen-api-v1 2.0.51+946bf4c36c
	- fabricloader 0.16.14
	   \-- mixinextras 0.4.1
	- java 21
	- minecraft 1.21.7
[12:22:23] [main/INFO]: SpongePowered MIXIN Subsystem Version=0.8.7 Source=file:/workspaces/server-minecraft/servidor_minecraft/libraries/net/fabricmc/sponge-mixin/0.15.5+mixin.0.8.7/sponge-mixin-0.15.5+mixin.0.8.7.jar Service=Knot/Fabric Env=SERVER
[12:22:23] [main/INFO]: Compatibility level set to JAVA_21
[12:22:25] [main/INFO]: Initializing MixinExtras via com.llamalad7.mixinextras.service.MixinExtrasServiceImpl(version=0.4.1).
[12:22:31] [main/INFO]: Initializing Distant Horizons server.
[12:22:31] [main/INFO]: Distant Horizons, Version: 2.3.3-b
[12:22:31] [main/INFO]: Registering Fabric Server Events
[12:22:31] [main/INFO]: Distant Horizons server Initialized, adding event subscribers...
[12:22:31] [main/INFO]: Environment: Environment[sessionHost=https://sessionserver.mojang.com, servicesHost=https://api.minecraftservices.com, name=PROD]
[12:22:31] [main/WARN]: Missing data pack dynamiclights
[12:22:31] [main/WARN]: Missing data pack fabric-convention-tags-v2
[12:22:33] [main/INFO]: Loaded 1407 recipes
[12:22:33] [main/INFO]: Loaded 1520 advancements
[12:22:33] [Server thread/INFO]: Initialising config for DistantHorizons
[12:22:34] [Server thread/INFO]: Config for DistantHorizons initialised
[12:22:34] [Server thread/INFO]: Post-Initializing Mod
[12:22:34] [Server thread/INFO]: Mod Post-Initialized
[12:22:34] [Server thread/INFO]: Checking for Distant Horizons update
[12:22:34] [Server thread/INFO]: Distant Horizons already up to date.
[12:22:34] [Server thread/INFO]: Distant Horizons server Initialized at 
[12:22:34] [Server thread/INFO]: Started [DhServerWorld] of type [SERVER_ONLY].
[12:22:34] [Server thread/INFO]: Starting minecraft server version 1.21.7
[12:22:34] [Server thread/INFO]: Loading properties
[12:22:34] [Server thread/INFO]: Default game type: SURVIVAL
[12:22:34] [Server thread/INFO]: Generating keypair
[12:22:34] [Server thread/INFO]: Starting Minecraft server on *:25565
[12:22:34] [Server thread/INFO]: Using epoll channel type
[12:22:34] [Server thread/INFO]: Preparing level "world"
[12:22:35] [Server thread/INFO]: Running SQL update script: [sqlScripts/0010-sqlite-createInitialDataTables.sql], for repo: [./world/data/DistantHorizons.sqlite]
[12:22:35] [Server thread/INFO]: Running SQL update script: [sqlScripts/0020-sqlite-createFullDataSourceV2Tables.sql], for repo: [./world/data/DistantHorizons.sqlite]
[12:22:35] [Server thread/INFO]: Running SQL update script: [sqlScripts/0030-sqlite-changeTableJournaling.sql], for repo: [./world/data/DistantHorizons.sqlite]
[12:22:35] [Server thread/INFO]: Running SQL update script: [sqlScripts/0031-sqlite-useSqliteWalJournaling.sql], for repo: [./world/data/DistantHorizons.sqlite]
[12:22:35] [Server thread/INFO]: Running SQL update script: [sqlScripts/0040-sqlite-removeRenderCache.sql], for repo: [./world/data/DistantHorizons.sqlite]
[12:22:35] [Server thread/INFO]: Running SQL update script: [sqlScripts/0050-sqlite-addApplyToParentIndex.sql], for repo: [./world/data/DistantHorizons.sqlite]
[12:22:35] [Server thread/INFO]: Running SQL update script: [sqlScripts/0060-sqlite-createChunkHashTable.sql], for repo: [./world/data/DistantHorizons.sqlite]
[12:22:35] [Server thread/INFO]: Running SQL update script: [sqlScripts/0070-sqlite-createBeaconBeamTable.sql], for repo: [./world/data/DistantHorizons.sqlite]
[12:22:35] [Server thread/INFO]: Running SQL update script: [sqlScripts/0080-sqlite-addApplyToChildrenColumn.sql], for repo: [./world/data/DistantHorizons.sqlite]
[12:22:35] [DH-Full Data Migration Thread[0]/INFO]: Attempting to migrate data sources for: [minecraft:overworld]-[./world/data]...
[12:22:35] [DH-Full Data Migration Thread[0]/INFO]: Found [0] data sources that need migration.
[12:22:35] [Server thread/INFO]: Started DhServerLevel for [Wrapped{ServerLevel[world]@minecraft:overworld}] at [[LocalSaveStructure@(./world/data)]].
[12:22:35] [DH-Full Data Migration Thread[0]/INFO]: No migration necessary.
[12:22:35] [Server thread/INFO]: Running SQL update script: [sqlScripts/0010-sqlite-createInitialDataTables.sql], for repo: [./world/DIM-1/data/DistantHorizons.sqlite]
[12:22:35] [Server thread/INFO]: Running SQL update script: [sqlScripts/0020-sqlite-createFullDataSourceV2Tables.sql], for repo: [./world/DIM-1/data/DistantHorizons.sqlite]
[12:22:35] [Server thread/INFO]: Running SQL update script: [sqlScripts/0030-sqlite-changeTableJournaling.sql], for repo: [./world/DIM-1/data/DistantHorizons.sqlite]
[12:22:35] [Server thread/INFO]: Running SQL update script: [sqlScripts/0031-sqlite-useSqliteWalJournaling.sql], for repo: [./world/DIM-1/data/DistantHorizons.sqlite]
[12:22:35] [Server thread/INFO]: Running SQL update script: [sqlScripts/0040-sqlite-removeRenderCache.sql], for repo: [./world/DIM-1/data/DistantHorizons.sqlite]
[12:22:35] [Server thread/INFO]: Running SQL update script: [sqlScripts/0050-sqlite-addApplyToParentIndex.sql], for repo: [./world/DIM-1/data/DistantHorizons.sqlite]
[12:22:35] [Server thread/INFO]: Running SQL update script: [sqlScripts/0060-sqlite-createChunkHashTable.sql], for repo: [./world/DIM-1/data/DistantHorizons.sqlite]
[12:22:35] [Server thread/INFO]: Running SQL update script: [sqlScripts/0070-sqlite-createBeaconBeamTable.sql], for repo: [./world/DIM-1/data/DistantHorizons.sqlite]
[12:22:35] [Server thread/INFO]: Running SQL update script: [sqlScripts/0080-sqlite-addApplyToChildrenColumn.sql], for repo: [./world/DIM-1/data/DistantHorizons.sqlite]
[12:22:35] [DH-Full Data Migration Thread[0]/INFO]: Attempting to migrate data sources for: [minecraft:the_nether]-[./world/DIM-1/data]...
[12:22:35] [DH-Full Data Migration Thread[0]/INFO]: Found [0] data sources that need migration.
[12:22:35] [DH-Full Data Migration Thread[0]/INFO]: No migration necessary.
[12:22:35] [Server thread/INFO]: Started DhServerLevel for [Wrapped{ServerLevel[world]@minecraft:the_nether}] at [[LocalSaveStructure@(./world/data;./world/DIM-1/data)]].
[12:22:35] [Server thread/INFO]: Running SQL update script: [sqlScripts/0010-sqlite-createInitialDataTables.sql], for repo: [./world/DIM1/data/DistantHorizons.sqlite]
[12:22:35] [Server thread/INFO]: Running SQL update script: [sqlScripts/0020-sqlite-createFullDataSourceV2Tables.sql], for repo: [./world/DIM1/data/DistantHorizons.sqlite]
[12:22:35] [Server thread/INFO]: Running SQL update script: [sqlScripts/0030-sqlite-changeTableJournaling.sql], for repo: [./world/DIM1/data/DistantHorizons.sqlite]
[12:22:35] [Server thread/INFO]: Running SQL update script: [sqlScripts/0031-sqlite-useSqliteWalJournaling.sql], for repo: [./world/DIM1/data/DistantHorizons.sqlite]
[12:22:35] [Server thread/INFO]: Running SQL update script: [sqlScripts/0040-sqlite-removeRenderCache.sql], for repo: [./world/DIM1/data/DistantHorizons.sqlite]
[12:22:35] [Server thread/INFO]: Running SQL update script: [sqlScripts/0050-sqlite-addApplyToParentIndex.sql], for repo: [./world/DIM1/data/DistantHorizons.sqlite]
[12:22:35] [Server thread/INFO]: Running SQL update script: [sqlScripts/0060-sqlite-createChunkHashTable.sql], for repo: [./world/DIM1/data/DistantHorizons.sqlite]
[12:22:35] [Server thread/INFO]: Running SQL update script: [sqlScripts/0070-sqlite-createBeaconBeamTable.sql], for repo: [./world/DIM1/data/DistantHorizons.sqlite]
[12:22:35] [Server thread/INFO]: Running SQL update script: [sqlScripts/0080-sqlite-addApplyToChildrenColumn.sql], for repo: [./world/DIM1/data/DistantHorizons.sqlite]
[12:22:35] [DH-Full Data Migration Thread[0]/INFO]: Attempting to migrate data sources for: [minecraft:the_end]-[./world/DIM1/data]...
[12:22:35] [DH-Full Data Migration Thread[0]/INFO]: Found [0] data sources that need migration.
[12:22:36] [DH-Full Data Migration Thread[0]/INFO]: No migration necessary.
[12:22:36] [Server thread/INFO]: Started DhServerLevel for [Wrapped{ServerLevel[world]@minecraft:the_end}] at [[LocalSaveStructure@(./world/data;./world/DIM-1/data;./world/DIM1/data)]].
[12:22:36] [Server thread/INFO]: Preparing start region for dimension minecraft:overworld
[12:22:37] [DH-ApplyConfigPresetTimer/INFO]: changing preset to: BALANCED
[12:22:37] [DH-ApplyConfigPresetTimer/INFO]: changing preset to: MEDIUM
[12:22:37] [DH-ApplyConfigPresetTimer/INFO]: preset active: BALANCED
[12:22:37] [DH-ApplyConfigPresetTimer/INFO]: preset active: MEDIUM
[12:22:39] [Worker-Main-3/INFO]: Preparing spawn area: 0%
[12:22:39] [Worker-Main-3/INFO]: Preparing spawn area: 0%
[12:22:39] [Worker-Main-3/INFO]: Preparing spawn area: 0%
[12:22:39] [Worker-Main-3/INFO]: Preparing spawn area: 0%
[12:22:39] [Worker-Main-3/INFO]: Preparing spawn area: 0%
[12:22:39] [Worker-Main-3/INFO]: Preparing spawn area: 0%
[12:22:39] [Worker-Main-3/INFO]: Preparing spawn area: 0%
[12:22:39] [Server thread/INFO]: Time elapsed: 3451 ms
[12:22:39] [Server thread/INFO]: Done (4.730s)! For help, type "help"
[12:22:39] [Server thread/INFO]: DH TerraFirmaCraft detection: false
[12:22:39] [Server thread/INFO]: ================WORLD_GEN_STEP_INITING=============
[12:22:39] [Server thread/INFO]: Batch Chunk Generator initialized
[12:22:39] [Server thread/INFO]: Creating world gen queue
[12:22:39] [Server thread/INFO]: Created world gen queue
[12:22:39] [Server thread/INFO]: Set world gen queue for level [minecraft:overworld].
[12:22:39] [Server thread/INFO]: ================WORLD_GEN_STEP_INITING=============
[12:22:39] [Server thread/INFO]: Batch Chunk Generator initialized
[12:22:39] [Server thread/INFO]: Creating world gen queue
[12:22:39] [Server thread/INFO]: Created world gen queue
[12:22:39] [Server thread/INFO]: Set world gen queue for level [minecraft:the_nether].
[12:22:39] [Server thread/INFO]: ================WORLD_GEN_STEP_INITING=============
[12:22:39] [Server thread/INFO]: Batch Chunk Generator initialized
[12:22:39] [Server thread/INFO]: Creating world gen queue
[12:22:39] [Server thread/INFO]: Created world gen queue
[12:22:39] [Server thread/INFO]: Set world gen queue for level [minecraft:the_end].
[12:23:11] [User Authenticator #1/INFO]: UUID of player xUraB_ is f23b070f-bf70-4572-86b5-4ab1f38be54a
[12:23:12] [Server thread/INFO]: xUraB_[/127.189.109.60:44927] logged in with entity id 49 at (-6653.050698837286, 67.0, -2888.8981607939722)
[12:23:12] [Server thread/INFO]: Player [xUraB_] joined.
[12:23:12] [Server thread/INFO]: xUraB_ joined the game
[12:23:16] [Server thread/INFO]: [xUraB_: Set own game mode to Creative Mode]
[12:23:51] [Server thread/INFO]: [xUraB_: Set own game mode to Survival Mode]
[12:24:07] [Netty Epoll Server IO #3/INFO]: Player [xUraB_] disconnected.
[12:24:07] [Server thread/INFO]: xUraB_ lost connection: Disconnected
[12:24:07] [Server thread/INFO]: xUraB_ left the game
[12:24:51] [User Authenticator #2/INFO]: UUID of player xUraB_ is f23b070f-bf70-4572-86b5-4ab1f38be54a
[12:24:52] [Server thread/INFO]: xUraB_[/127.189.109.60:39375] logged in with entity id 1337 at (-6829.246659020877, 64.0, -2994.502806783134)
[12:24:52] [Server thread/INFO]: Player [xUraB_] joined.
[12:24:52] [Server thread/INFO]: xUraB_ joined the game
[12:27:21] [Netty Epoll Server IO #7/INFO]: Player [xUraB_] disconnected.
[12:27:21] [Server thread/INFO]: xUraB_ lost connection: Disconnected
[12:27:21] [Server thread/INFO]: xUraB_ left the game
[12:28:21] [Server thread/INFO]: Server empty for 60 seconds, pausing
[12:29:40] [Server thread/INFO]: xUraB_ (/127.189.109.60:47383) lost connection: Disconnected
[12:29:44] [User Authenticator #3/INFO]: UUID of player xUraB_ is f23b070f-bf70-4572-86b5-4ab1f38be54a
[12:29:45] [Server thread/INFO]: xUraB_[/127.189.109.60:48497] logged in with entity id 2382 at (-6844.214403510966, 67.0, -2980.2865864377513)
[12:29:45] [Server thread/INFO]: Player [xUraB_] joined.
[12:29:45] [Server thread/INFO]: xUraB_ joined the game
[12:40:30] [Server thread/WARN]: xUraB_ moved wrongly!
[12:41:45] [Server thread/INFO]: [xUraB_: Set own game mode to Creative Mode]
[12:41:47] [Server thread/INFO]: [xUraB_: Set own game mode to Survival Mode]
[12:41:52] [Server thread/INFO]: [xUraB_: Set own game mode to Creative Mode]
[12:42:57] [Server thread/INFO]: [xUraB_: Set the weather to rain]
[12:43:15] [Server thread/INFO]: [xUraB_: Set the weather to clear]
